
START - automation started - Tue Feb 16 2021 09:08:35 GMT+0800 (中国标准时间)

LIVE MODE - type done to quit
 [RPA][STARTED]
[RPA][0] - listening for inputs
[RPA][1] - http://rpachallenge.com
[RPA][1] - listening for inputs
[RPA][2] - exist_result = exist('//*[text()="Start"]').toString()
[RPA][2] - listening for inputs
[RPA][3] - dump exist_result to rpa_python.txt
[RPA][3] - listening for inputs
[RPA][4] - click //*[text()="Start"]
[RPA][4] - listening for inputs
[RPA][5] - exist_result = exist('//*[@ng-reflect-name="labelFirstName"]').toString()
[RPA][5] - listening for inputs
[RPA][6] - dump exist_result to rpa_python.txt
[RPA][6] - listening for inputs
[RPA][7] - type //*[@ng-reflect-name="labelFirstName"] as John
[RPA][7] - listening for inputs
[RPA][8] - exist_result = exist('//*[@ng-reflect-name="labelLastName"]').toString()
[RPA][8] - listening for inputs
[RPA][9] - dump exist_result to rpa_python.txt
[RPA][9] - listening for inputs
[RPA][10] - type //*[@ng-reflect-name="labelLastName"] as Smith
[RPA][10] - listening for inputs
[RPA][11] - exist_result = exist('//*[@ng-reflect-name="labelCompanyName"]').toString()
[RPA][11] - listening for inputs
[RPA][12] - dump exist_result to rpa_python.txt
[RPA][12] - listening for inputs
[RPA][13] - type //*[@ng-reflect-name="labelCompanyName"] as IT Solutions
[RPA][13] - listening for inputs
[RPA][14] - exist_result = exist('//*[@ng-reflect-name="labelRole"]').toString()
[RPA][14] - listening for inputs
[RPA][15] - dump exist_result to rpa_python.txt
[RPA][15] - listening for inputs
[RPA][16] - type //*[@ng-reflect-name="labelRole"] as Analyst
[RPA][16] - listening for inputs
[RPA][17] - exist_result = exist('//*[@ng-reflect-name="labelAddress"]').toString()
[RPA][17] - listening for inputs
[RPA][18] - dump exist_result to rpa_python.txt
[RPA][18] - listening for inputs
[RPA][19] - type //*[@ng-reflect-name="labelAddress"] as 98 North Road
[RPA][19] - listening for inputs
[RPA][20] - exist_result = exist('//*[@ng-reflect-name="labelEmail"]').toString()
[RPA][20] - listening for inputs
[RPA][21] - dump exist_result to rpa_python.txt
[RPA][21] - listening for inputs
[RPA][22] - type //*[@ng-reflect-name="labelEmail"] as jsmith@itsolutions.co.uk
[RPA][22] - listening for inputs
[RPA][23] - exist_result = exist('//*[@ng-reflect-name="labelPhone"]').toString()
[RPA][23] - listening for inputs
[RPA][24] - dump exist_result to rpa_python.txt
[RPA][24] - listening for inputs
[RPA][25] - type //*[@ng-reflect-name="labelPhone"] as 40716543298.0
[RPA][25] - listening for inputs
[RPA][26] - exist_result = exist('//*[@value="Submit"]').toString()
[RPA][26] - listening for inputs
[RPA][27] - dump exist_result to rpa_python.txt
[RPA][27] - listening for inputs
[RPA][28] - click //*[@value="Submit"]
[RPA][28] - listening for inputs
[RPA][29] - exist_result = exist('//*[@ng-reflect-name="labelFirstName"]').toString()
[RPA][29] - listening for inputs
[RPA][30] - dump exist_result to rpa_python.txt
[RPA][30] - listening for inputs
[RPA][31] - type //*[@ng-reflect-name="labelFirstName"] as Jane
[RPA][31] - listening for inputs
[RPA][32] - exist_result = exist('//*[@ng-reflect-name="labelLastName"]').toString()
[RPA][32] - listening for inputs
[RPA][33] - dump exist_result to rpa_python.txt
[RPA][33] - listening for inputs
[RPA][34] - type //*[@ng-reflect-name="labelLastName"] as Dorsey
[RPA][34] - listening for inputs
[RPA][35] - exist_result = exist('//*[@ng-reflect-name="labelCompanyName"]').toString()
[RPA][35] - listening for inputs
[RPA][36] - dump exist_result to rpa_python.txt
[RPA][36] - listening for inputs
[RPA][37] - type //*[@ng-reflect-name="labelCompanyName"] as MediCare
[RPA][37] - listening for inputs
[RPA][38] - exist_result = exist('//*[@ng-reflect-name="labelRole"]').toString()
[RPA][38] - listening for inputs
[RPA][39] - dump exist_result to rpa_python.txt
[RPA][39] - listening for inputs
[RPA][40] - type //*[@ng-reflect-name="labelRole"] as Medical Engineer
[RPA][40] - listening for inputs
[RPA][41] - exist_result = exist('//*[@ng-reflect-name="labelAddress"]').toString()
[RPA][41] - listening for inputs
[RPA][42] - dump exist_result to rpa_python.txt
[RPA][42] - listening for inputs
[RPA][43] - type //*[@ng-reflect-name="labelAddress"] as 11 Crown Street
[RPA][43] - listening for inputs
[RPA][44] - exist_result = exist('//*[@ng-reflect-name="labelEmail"]').toString()
[RPA][44] - listening for inputs
[RPA][45] - dump exist_result to rpa_python.txt
[RPA][45] - listening for inputs
[RPA][46] - type //*[@ng-reflect-name="labelEmail"] as jdorsey@mc.com
[RPA][46] - listening for inputs
[RPA][47] - exist_result = exist('//*[@ng-reflect-name="labelPhone"]').toString()
[RPA][47] - listening for inputs
[RPA][48] - dump exist_result to rpa_python.txt
[RPA][48] - listening for inputs
[RPA][49] - type //*[@ng-reflect-name="labelPhone"] as 40791345621.0
[RPA][49] - listening for inputs
[RPA][50] - exist_result = exist('//*[@value="Submit"]').toString()
[RPA][50] - listening for inputs
[RPA][51] - dump exist_result to rpa_python.txt
[RPA][51] - listening for inputs
[RPA][52] - click //*[@value="Submit"]
[RPA][52] - listening for inputs
[RPA][53] - exist_result = exist('//*[@ng-reflect-name="labelFirstName"]').toString()
[RPA][53] - listening for inputs
[RPA][54] - dump exist_result to rpa_python.txt
[RPA][54] - listening for inputs
[RPA][55] - type //*[@ng-reflect-name="labelFirstName"] as Albert
[RPA][55] - listening for inputs
[RPA][56] - exist_result = exist('//*[@ng-reflect-name="labelLastName"]').toString()
[RPA][56] - listening for inputs
[RPA][57] - dump exist_result to rpa_python.txt
[RPA][57] - listening for inputs
[RPA][58] - type //*[@ng-reflect-name="labelLastName"] as Kipling
[RPA][58] - listening for inputs
[RPA][59] - exist_result = exist('//*[@ng-reflect-name="labelCompanyName"]').toString()
[RPA][59] - listening for inputs
[RPA][60] - dump exist_result to rpa_python.txt
[RPA][60] - listening for inputs
[RPA][61] - type //*[@ng-reflect-name="labelCompanyName"] as Waterfront
[RPA][61] - listening for inputs
[RPA][62] - exist_result = exist('//*[@ng-reflect-name="labelRole"]').toString()
[RPA][62] - listening for inputs
[RPA][63] - dump exist_result to rpa_python.txt
[RPA][63] - listening for inputs
[RPA][64] - type //*[@ng-reflect-name="labelRole"] as Accountant
[RPA][64] - listening for inputs
[RPA][65] - exist_result = exist('//*[@ng-reflect-name="labelAddress"]').toString()
[RPA][65] - listening for inputs
[RPA][66] - dump exist_result to rpa_python.txt
[RPA][66] - listening for inputs
[RPA][67] - type //*[@ng-reflect-name="labelAddress"] as 22 Guild Street
[RPA][67] - listening for inputs
[RPA][68] - exist_result = exist('//*[@ng-reflect-name="labelEmail"]').toString()
[RPA][68] - listening for inputs
[RPA][69] - dump exist_result to rpa_python.txt
[RPA][69] - listening for inputs
[RPA][70] - type //*[@ng-reflect-name="labelEmail"] as kipling@waterfront.com
[RPA][70] - listening for inputs
[RPA][71] - exist_result = exist('//*[@ng-reflect-name="labelPhone"]').toString()
[RPA][71] - listening for inputs
[RPA][72] - dump exist_result to rpa_python.txt
[RPA][72] - listening for inputs
[RPA][73] - type //*[@ng-reflect-name="labelPhone"] as 40735416854.0
[RPA][73] - listening for inputs
[RPA][74] - exist_result = exist('//*[@value="Submit"]').toString()
[RPA][74] - listening for inputs
[RPA][75] - dump exist_result to rpa_python.txt
[RPA][75] - listening for inputs
[RPA][76] - click //*[@value="Submit"]
[RPA][76] - listening for inputs
[RPA][77] - exist_result = exist('//*[@ng-reflect-name="labelFirstName"]').toString()
[RPA][77] - listening for inputs
[RPA][78] - dump exist_result to rpa_python.txt
[RPA][78] - listening for inputs
[RPA][79] - type //*[@ng-reflect-name="labelFirstName"] as Michael
[RPA][79] - listening for inputs
[RPA][80] - exist_result = exist('//*[@ng-reflect-name="labelLastName"]').toString()
[RPA][80] - listening for inputs
[RPA][81] - dump exist_result to rpa_python.txt
[RPA][81] - listening for inputs
[RPA][82] - type //*[@ng-reflect-name="labelLastName"] as Robertson
[RPA][82] - listening for inputs
[RPA][83] - exist_result = exist('//*[@ng-reflect-name="labelCompanyName"]').toString()
[RPA][83] - listening for inputs
[RPA][84] - dump exist_result to rpa_python.txt
[RPA][84] - listening for inputs
[RPA][85] - type //*[@ng-reflect-name="labelCompanyName"] as MediCare
[RPA][85] - listening for inputs
[RPA][86] - exist_result = exist('//*[@ng-reflect-name="labelRole"]').toString()
[RPA][86] - listening for inputs
[RPA][87] - dump exist_result to rpa_python.txt
[RPA][87] - listening for inputs
[RPA][88] - type //*[@ng-reflect-name="labelRole"] as IT Specialist
[RPA][88] - listening for inputs
[RPA][89] - exist_result = exist('//*[@ng-reflect-name="labelAddress"]').toString()
[RPA][89] - listening for inputs
[RPA][90] - dump exist_result to rpa_python.txt
[RPA][90] - listening for inputs
[RPA][91] - type //*[@ng-reflect-name="labelAddress"] as 17 Farburn Terrace
[RPA][91] - listening for inputs
[RPA][92] - exist_result = exist('//*[@ng-reflect-name="labelEmail"]').toString()
[RPA][92] - listening for inputs
[RPA][93] - dump exist_result to rpa_python.txt
[RPA][93] - listening for inputs
[RPA][94] - type //*[@ng-reflect-name="labelEmail"] as mrobertson@mc.com
[RPA][94] - listening for inputs
[RPA][95] - exist_result = exist('//*[@ng-reflect-name="labelPhone"]').toString()
[RPA][95] - listening for inputs
[RPA][96] - dump exist_result to rpa_python.txt
[RPA][96] - listening for inputs
[RPA][97] - type //*[@ng-reflect-name="labelPhone"] as 40733652145.0
[RPA][97] - listening for inputs
[RPA][98] - exist_result = exist('//*[@value="Submit"]').toString()
[RPA][98] - listening for inputs
[RPA][99] - dump exist_result to rpa_python.txt
[RPA][99] - listening for inputs
[RPA][100] - click //*[@value="Submit"]
[RPA][100] - listening for inputs
[RPA][101] - exist_result = exist('//*[@ng-reflect-name="labelFirstName"]').toString()
[RPA][101] - listening for inputs
[RPA][102] - dump exist_result to rpa_python.txt
[RPA][102] - listening for inputs
[RPA][103] - type //*[@ng-reflect-name="labelFirstName"] as Doug
[RPA][103] - listening for inputs
[RPA][104] - exist_result = exist('//*[@ng-reflect-name="labelLastName"]').toString()
[RPA][104] - listening for inputs
[RPA][105] - dump exist_result to rpa_python.txt
[RPA][105] - listening for inputs
[RPA][106] - type //*[@ng-reflect-name="labelLastName"] as Derrick
[RPA][106] - listening for inputs
[RPA][107] - exist_result = exist('//*[@ng-reflect-name="labelCompanyName"]').toString()
[RPA][107] - listening for inputs
[RPA][108] - dump exist_result to rpa_python.txt
[RPA][108] - listening for inputs
[RPA][109] - type //*[@ng-reflect-name="labelCompanyName"] as Timepath Inc.
[RPA][109] - listening for inputs
[RPA][110] - exist_result = exist('//*[@ng-reflect-name="labelRole"]').toString()
[RPA][110] - listening for inputs
[RPA][111] - dump exist_result to rpa_python.txt
[RPA][111] - listening for inputs
[RPA][112] - type //*[@ng-reflect-name="labelRole"] as Analyst
[RPA][112] - listening for inputs
[RPA][113] - exist_result = exist('//*[@ng-reflect-name="labelAddress"]').toString()
[RPA][113] - listening for inputs
[RPA][114] - dump exist_result to rpa_python.txt
[RPA][114] - listening for inputs
[RPA][115] - type //*[@ng-reflect-name="labelAddress"] as 99 Shire Oak Road
[RPA][115] - listening for inputs
[RPA][116] - exist_result = exist('//*[@ng-reflect-name="labelEmail"]').toString()
[RPA][116] - listening for inputs
[RPA][117] - dump exist_result to rpa_python.txt
[RPA][117] - listening for inputs
[RPA][118] - type //*[@ng-reflect-name="labelEmail"] as dderrick@timepath.co.uk
[RPA][118] - listening for inputs
[RPA][119] - exist_result = exist('//*[@ng-reflect-name="labelPhone"]').toString()
[RPA][119] - listening for inputs
[RPA][120] - dump exist_result to rpa_python.txt
[RPA][120] - listening for inputs
[RPA][121] - type //*[@ng-reflect-name="labelPhone"] as 40799885412.0
[RPA][121] - listening for inputs
[RPA][122] - exist_result = exist('//*[@value="Submit"]').toString()
[RPA][122] - listening for inputs
[RPA][123] - dump exist_result to rpa_python.txt
[RPA][123] - listening for inputs
[RPA][124] - click //*[@value="Submit"]
[RPA][124] - listening for inputs
[RPA][125] - exist_result = exist('//*[@ng-reflect-name="labelFirstName"]').toString()
[RPA][125] - listening for inputs
[RPA][126] - dump exist_result to rpa_python.txt
[RPA][126] - listening for inputs
[RPA][127] - type //*[@ng-reflect-name="labelFirstName"] as Jessie
[RPA][127] - listening for inputs
[RPA][128] - exist_result = exist('//*[@ng-reflect-name="labelLastName"]').toString()
[RPA][128] - listening for inputs
[RPA][129] - dump exist_result to rpa_python.txt
[RPA][129] - listening for inputs
[RPA][130] - type //*[@ng-reflect-name="labelLastName"] as Marlowe
[RPA][130] - listening for inputs
[RPA][131] - exist_result = exist('//*[@ng-reflect-name="labelCompanyName"]').toString()
[RPA][131] - listening for inputs
[RPA][132] - dump exist_result to rpa_python.txt
[RPA][132] - listening for inputs
[RPA][133] - type //*[@ng-reflect-name="labelCompanyName"] as Aperture Inc.
[RPA][133] - listening for inputs
[RPA][134] - exist_result = exist('//*[@ng-reflect-name="labelRole"]').toString()
[RPA][134] - listening for inputs
[RPA][135] - dump exist_result to rpa_python.txt
[RPA][135] - listening for inputs
[RPA][136] - type //*[@ng-reflect-name="labelRole"] as Scientist
[RPA][136] - listening for inputs
[RPA][137] - exist_result = exist('//*[@ng-reflect-name="labelAddress"]').toString()
[RPA][137] - listening for inputs
[RPA][138] - dump exist_result to rpa_python.txt
[RPA][138] - listening for inputs
[RPA][139] - type //*[@ng-reflect-name="labelAddress"] as 27 Cheshire Street
[RPA][139] - listening for inputs
[RPA][140] - exist_result = exist('//*[@ng-reflect-name="labelEmail"]').toString()
[RPA][140] - listening for inputs
[RPA][141] - dump exist_result to rpa_python.txt
[RPA][141] - listening for inputs
[RPA][142] - type //*[@ng-reflect-name="labelEmail"] as jmarlowe@aperture.us
[RPA][142] - listening for inputs
[RPA][143] - exist_result = exist('//*[@ng-reflect-name="labelPhone"]').toString()
[RPA][143] - listening for inputs
[RPA][144] - dump exist_result to rpa_python.txt
[RPA][144] - listening for inputs
[RPA][145] - type //*[@ng-reflect-name="labelPhone"] as 40733154268.0
[RPA][145] - listening for inputs
[RPA][146] - exist_result = exist('//*[@value="Submit"]').toString()
[RPA][146] - listening for inputs
[RPA][147] - dump exist_result to rpa_python.txt
[RPA][147] - listening for inputs
[RPA][148] - click //*[@value="Submit"]
[RPA][148] - listening for inputs
[RPA][149] - exist_result = exist('//*[@ng-reflect-name="labelFirstName"]').toString()
[RPA][149] - listening for inputs
[RPA][150] - dump exist_result to rpa_python.txt
[RPA][150] - listening for inputs
[RPA][151] - type //*[@ng-reflect-name="labelFirstName"] as Stan
[RPA][151] - listening for inputs
[RPA][152] - exist_result = exist('//*[@ng-reflect-name="labelLastName"]').toString()
[RPA][152] - listening for inputs
[RPA][153] - dump exist_result to rpa_python.txt
[RPA][153] - listening for inputs
[RPA][154] - type //*[@ng-reflect-name="labelLastName"] as Hamm
[RPA][154] - listening for inputs
[RPA][155] - exist_result = exist('//*[@ng-reflect-name="labelCompanyName"]').toString()
[RPA][155] - listening for inputs
[RPA][156] - dump exist_result to rpa_python.txt
[RPA][156] - listening for inputs
[RPA][157] - type //*[@ng-reflect-name="labelCompanyName"] as Sugarwell
[RPA][157] - listening for inputs
[RPA][158] - exist_result = exist('//*[@ng-reflect-name="labelRole"]').toString()
[RPA][158] - listening for inputs
[RPA][159] - dump exist_result to rpa_python.txt
[RPA][159] - listening for inputs
[RPA][160] - type //*[@ng-reflect-name="labelRole"] as Advisor
[RPA][160] - listening for inputs
[RPA][161] - exist_result = exist('//*[@ng-reflect-name="labelAddress"]').toString()
[RPA][161] - listening for inputs
[RPA][162] - dump exist_result to rpa_python.txt
[RPA][162] - listening for inputs
[RPA][163] - type //*[@ng-reflect-name="labelAddress"] as 10 Dam Road
[RPA][163] - listening for inputs
[RPA][164] - exist_result = exist('//*[@ng-reflect-name="labelEmail"]').toString()
[RPA][164] - listening for inputs
[RPA][165] - dump exist_result to rpa_python.txt
[RPA][165] - listening for inputs
[RPA][166] - type //*[@ng-reflect-name="labelEmail"] as shamm@sugarwell.org
[RPA][166] - listening for inputs
[RPA][167] - exist_result = exist('//*[@ng-reflect-name="labelPhone"]').toString()
[RPA][167] - listening for inputs
[RPA][168] - dump exist_result to rpa_python.txt
[RPA][168] - listening for inputs
[RPA][169] - type //*[@ng-reflect-name="labelPhone"] as 40712462257.0
[RPA][169] - listening for inputs
[RPA][170] - exist_result = exist('//*[@value="Submit"]').toString()
[RPA][170] - listening for inputs
[RPA][171] - dump exist_result to rpa_python.txt
[RPA][171] - listening for inputs
[RPA][172] - click //*[@value="Submit"]
[RPA][172] - listening for inputs
[RPA][173] - exist_result = exist('//*[@ng-reflect-name="labelFirstName"]').toString()
[RPA][173] - listening for inputs
[RPA][174] - dump exist_result to rpa_python.txt
[RPA][174] - listening for inputs
[RPA][175] - type //*[@ng-reflect-name="labelFirstName"] as Michelle
[RPA][175] - listening for inputs
[RPA][176] - exist_result = exist('//*[@ng-reflect-name="labelLastName"]').toString()
[RPA][176] - listening for inputs
[RPA][177] - dump exist_result to rpa_python.txt
[RPA][177] - listening for inputs
[RPA][178] - type //*[@ng-reflect-name="labelLastName"] as Norton
[RPA][178] - listening for inputs
[RPA][179] - exist_result = exist('//*[@ng-reflect-name="labelCompanyName"]').toString()
[RPA][179] - listening for inputs
[RPA][180] - dump exist_result to rpa_python.txt
[RPA][180] - listening for inputs
[RPA][181] - type //*[@ng-reflect-name="labelCompanyName"] as Aperture Inc.
[RPA][181] - listening for inputs
[RPA][182] - exist_result = exist('//*[@ng-reflect-name="labelRole"]').toString()
[RPA][182] - listening for inputs
[RPA][183] - dump exist_result to rpa_python.txt
[RPA][183] - listening for inputs
[RPA][184] - type //*[@ng-reflect-name="labelRole"] as Scientist
[RPA][184] - listening for inputs
[RPA][185] - exist_result = exist('//*[@ng-reflect-name="labelAddress"]').toString()
[RPA][185] - listening for inputs
[RPA][186] - dump exist_result to rpa_python.txt
[RPA][186] - listening for inputs
[RPA][187] - type //*[@ng-reflect-name="labelAddress"] as 13 White Rabbit Street
[RPA][187] - listening for inputs
[RPA][188] - exist_result = exist('//*[@ng-reflect-name="labelEmail"]').toString()
[RPA][188] - listening for inputs
[RPA][189] - dump exist_result to rpa_python.txt
[RPA][189] - listening for inputs
[RPA][190] - type //*[@ng-reflect-name="labelEmail"] as mnorton@aperture.us
[RPA][190] - listening for inputs
[RPA][191] - exist_result = exist('//*[@ng-reflect-name="labelPhone"]').toString()
[RPA][191] - listening for inputs
[RPA][192] - dump exist_result to rpa_python.txt
[RPA][192] - listening for inputs
[RPA][193] - type //*[@ng-reflect-name="labelPhone"] as 40731254562.0
[RPA][193] - listening for inputs
[RPA][194] - exist_result = exist('//*[@value="Submit"]').toString()
[RPA][194] - listening for inputs
[RPA][195] - dump exist_result to rpa_python.txt
[RPA][195] - listening for inputs
[RPA][196] - click //*[@value="Submit"]
[RPA][196] - listening for inputs
[RPA][197] - exist_result = exist('//*[@ng-reflect-name="labelFirstName"]').toString()
[RPA][197] - listening for inputs
[RPA][198] - dump exist_result to rpa_python.txt
[RPA][198] - listening for inputs
[RPA][199] - type //*[@ng-reflect-name="labelFirstName"] as Stacy
[RPA][199] - listening for inputs
[RPA][200] - exist_result = exist('//*[@ng-reflect-name="labelLastName"]').toString()
[RPA][200] - listening for inputs
[RPA][201] - dump exist_result to rpa_python.txt
[RPA][201] - listening for inputs
[RPA][202] - type //*[@ng-reflect-name="labelLastName"] as Shelby
[RPA][202] - listening for inputs
[RPA][203] - exist_result = exist('//*[@ng-reflect-name="labelCompanyName"]').toString()
[RPA][203] - listening for inputs
[RPA][204] - dump exist_result to rpa_python.txt
[RPA][204] - listening for inputs
[RPA][205] - type //*[@ng-reflect-name="labelCompanyName"] as TechDev
[RPA][205] - listening for inputs
[RPA][206] - exist_result = exist('//*[@ng-reflect-name="labelRole"]').toString()
[RPA][206] - listening for inputs
[RPA][207] - dump exist_result to rpa_python.txt
[RPA][207] - listening for inputs
[RPA][208] - type //*[@ng-reflect-name="labelRole"] as HR Manager
[RPA][208] - listening for inputs
[RPA][209] - exist_result = exist('//*[@ng-reflect-name="labelAddress"]').toString()
[RPA][209] - listening for inputs
[RPA][210] - dump exist_result to rpa_python.txt
[RPA][210] - listening for inputs
[RPA][211] - type //*[@ng-reflect-name="labelAddress"] as 19 Pineapple Boulevard
[RPA][211] - listening for inputs
[RPA][212] - exist_result = exist('//*[@ng-reflect-name="labelEmail"]').toString()
[RPA][212] - listening for inputs
[RPA][213] - dump exist_result to rpa_python.txt
[RPA][213] - listening for inputs
[RPA][214] - type //*[@ng-reflect-name="labelEmail"] as sshelby@techdev.com
[RPA][214] - listening for inputs
[RPA][215] - exist_result = exist('//*[@ng-reflect-name="labelPhone"]').toString()
[RPA][215] - listening for inputs
[RPA][216] - dump exist_result to rpa_python.txt
[RPA][216] - listening for inputs
[RPA][217] - type //*[@ng-reflect-name="labelPhone"] as 40741785214.0
[RPA][217] - listening for inputs
[RPA][218] - exist_result = exist('//*[@value="Submit"]').toString()
[RPA][218] - listening for inputs
[RPA][219] - dump exist_result to rpa_python.txt
[RPA][219] - listening for inputs
[RPA][220] - click //*[@value="Submit"]
[RPA][220] - listening for inputs
[RPA][221] - exist_result = exist('//*[@ng-reflect-name="labelFirstName"]').toString()
[RPA][221] - listening for inputs
[RPA][222] - dump exist_result to rpa_python.txt
[RPA][222] - listening for inputs
[RPA][223] - type //*[@ng-reflect-name="labelFirstName"] as Lara
[RPA][223] - listening for inputs
[RPA][224] - exist_result = exist('//*[@ng-reflect-name="labelLastName"]').toString()
[RPA][224] - listening for inputs
[RPA][225] - dump exist_result to rpa_python.txt
[RPA][225] - listening for inputs
[RPA][226] - type //*[@ng-reflect-name="labelLastName"] as Palmer
[RPA][226] - listening for inputs
[RPA][227] - exist_result = exist('//*[@ng-reflect-name="labelCompanyName"]').toString()
[RPA][227] - listening for inputs
[RPA][228] - dump exist_result to rpa_python.txt
[RPA][228] - listening for inputs
[RPA][229] - type //*[@ng-reflect-name="labelCompanyName"] as Timepath Inc.
[RPA][229] - listening for inputs
[RPA][230] - exist_result = exist('//*[@ng-reflect-name="labelRole"]').toString()
[RPA][230] - listening for inputs
[RPA][231] - dump exist_result to rpa_python.txt
[RPA][231] - listening for inputs
[RPA][232] - type //*[@ng-reflect-name="labelRole"] as Programmer
[RPA][232] - listening for inputs
[RPA][233] - exist_result = exist('//*[@ng-reflect-name="labelAddress"]').toString()
[RPA][233] - listening for inputs
[RPA][234] - dump exist_result to rpa_python.txt
[RPA][234] - listening for inputs
[RPA][235] - type //*[@ng-reflect-name="labelAddress"] as 87 Orange Street
[RPA][235] - listening for inputs
[RPA][236] - exist_result = exist('//*[@ng-reflect-name="labelEmail"]').toString()
[RPA][236] - listening for inputs
[RPA][237] - dump exist_result to rpa_python.txt
[RPA][237] - listening for inputs
[RPA][238] - type //*[@ng-reflect-name="labelEmail"] as lpalmer@timepath.co.uk
[RPA][238] - listening for inputs
[RPA][239] - exist_result = exist('//*[@ng-reflect-name="labelPhone"]').toString()
[RPA][239] - listening for inputs
[RPA][240] - dump exist_result to rpa_python.txt
[RPA][240] - listening for inputs
[RPA][241] - type //*[@ng-reflect-name="labelPhone"] as 40731653845.0
[RPA][241] - listening for inputs
[RPA][242] - exist_result = exist('//*[@value="Submit"]').toString()
[RPA][242] - listening for inputs
[RPA][243] - dump exist_result to rpa_python.txt
[RPA][243] - listening for inputs
[RPA][244] - click //*[@value="Submit"]
[RPA][244] - listening for inputs
[RPA][245] - exist_result = exist('//*[@ng-reflect-name="labelFirstName"]').toString()
[RPA][245] - listening for inputs
[RPA][246] - dump exist_result to rpa_python.txt
[RPA][246] - listening for inputs
[RPA][247] - exist_result = exist('//*[@ng-reflect-name="labelLastName"]').toString()
[RPA][247] - listening for inputs
[RPA][248] - dump exist_result to rpa_python.txt
[RPA][248] - listening for inputs
[RPA][249] - exist_result = exist('//*[@ng-reflect-name="labelCompanyName"]').toString()
[RPA][249] - listening for inputs
[RPA][250] - dump exist_result to rpa_python.txt
[RPA][250] - listening for inputs
[RPA][251] - exist_result = exist('//*[@ng-reflect-name="labelRole"]').toString()
[RPA][251] - listening for inputs
[RPA][252] - dump exist_result to rpa_python.txt
[RPA][252] - listening for inputs
[RPA][253] - exist_result = exist('//*[@ng-reflect-name="labelAddress"]').toString()
[RPA][253] - listening for inputs
[RPA][254] - dump exist_result to rpa_python.txt
[RPA][254] - listening for inputs
[RPA][255] - exist_result = exist('//*[@ng-reflect-name="labelEmail"]').toString()
